<?xml version="1.0" encoding="UTF-8"?>
<testsuite name="com.telRun.tests.TeamDeleteTest" tests="1" skipped="0" failures="0" errors="0" timestamp="2020-10-11T20:06:45" hostname="DESKTOP-DRR43GT" time="10.418">
  <properties/>
  <testcase name="deleteTeamTest" classname="com.telRun.tests.TeamDeleteTest" time="10.418"/>
  <system-out><![CDATA[I am on the home page :)
]]></system-out>
  <system-err><![CDATA[]]></system-err>
</testsuite>
